Build started 7/8/2018 10:34:54 PM.
     1>Project "E:\Studies 1.2\Snake ladder\snake ladd-1 part - Copy\iGraphics Project\iGraphics Project.vcxproj" on node 2 (rebuild target(s)).
     1>_PrepareForClean:
         Deleting file "Debug\iGraphics Project.lastbuildstate".
       InitializeBuildStatus:
         Creating "Debug\iGraphics Project.unsuccessfulbuild" because "AlwaysCreate" was specified.
       ClCompile:
         C:\Program Files (x86)\Microsoft Visual Studio 10.0\VC\bin\CL.exe /c /ZI /nologo /W3 /WX- /Od /Oy- /D _MBCS /Gm /EHsc /RTC1 /MDd /GS /fp:precise /Zc:wchar_t /Zc:forScope /Fo"Debug\\" /Fd"Debug\vc100.pdb" /Gd /TP /analyze- /errorReport:prompt iMain.cpp
         iMain.cpp
       Link:
         C:\Program Files (x86)\Microsoft Visual Studio 10.0\VC\bin\link.exe /ERRORREPORT:PROMPT /OUT:"E:\Studies 1.2\Snake ladder\snake ladd-1 part - Copy\Debug\iGraphics Project.exe" /NOLOGO kernel32.lib user32.lib gdi32.lib winspool.lib comdlg32.lib advapi32.lib shell32.lib ole32.lib oleaut32.lib uuid.lib odbc32.lib odbccp32.lib /MANIFEST /ManifestFile:"Debug\iGraphics Project.exe.intermediate.manifest" /MANIFESTUAC:"level='asInvoker' uiAccess='false'" /DEBUG /PDB:"E:\Studies 1.2\Snake ladder\snake ladd-1 part - Copy\Debug\iGraphics Project.pdb" /TLBID:1 /DYNAMICBASE /NXCOMPAT /IMPLIB:"E:\Studies 1.2\Snake ladder\snake ladd-1 part - Copy\Debug\iGraphics Project.lib" /MACHINE:X86 Debug\iMain.obj
         iGraphics Project.vcxproj -> E:\Studies 1.2\Snake ladder\snake ladd-1 part - Copy\Debug\iGraphics Project.exe
       Manifest:
         C:\Program Files (x86)\Microsoft SDKs\Windows\v7.0A\bin\mt.exe /nologo /verbose /outputresource:"E:\Studies 1.2\Snake ladder\snake ladd-1 part - Copy\Debug\iGraphics Project.exe;#1" /manifest "Debug\iGraphics Project.exe.intermediate.manifest"
       FinalizeBuildStatus:
         Deleting file "Debug\iGraphics Project.unsuccessfulbuild".
         Touching "Debug\iGraphics Project.lastbuildstate".
     1>Done Building Project "E:\Studies 1.2\Snake ladder\snake ladd-1 part - Copy\iGraphics Project\iGraphics Project.vcxproj" (rebuild target(s)).

Build succeeded.

Time Elapsed 00:00:01.45
